{
  "0 debug pnpm:scope": {
    "selected": 1
  },
  "1 debug pnpm:package-manifest": {
    "initial": {},
    "prefix": "/Users/barbara/.pnpm-store/v3/tmp/_npx/39644/5"
  },
  "2 debug pnpm:context": {
    "currentLockfileExists": false,
    "storeDir": "/Users/barbara/.pnpm-store/v3",
    "virtualStoreDir": "/Users/barbara/.pnpm-store/v3/tmp/_npx/39644/5/node_modules/.pnpm"
  },
  "3 debug pnpm:stage": {
    "prefix": "/Users/barbara/.pnpm-store/v3/tmp/_npx/39644/5",
    "stage": "resolution_started"
  },
  "4 debug pnpm:update-check": {
    "currentVersion": "6.28.0",
    "latestVersion": "6.32.9"
  },
  "5 debug pnpm:_dependency_resolved": {
    "resolution": "registry.npmjs.org/fitbit/0.0.7",
    "wanted": {
      "dependentId": ".",
      "name": "fitbit",
      "rawSpec": "latest"
    }
  },
  "6 debug pnpm:progress": {
    "packageId": "registry.npmjs.org/fitbit/0.0.7",
    "requester": "/Users/barbara/.pnpm-store/v3/tmp/_npx/39644/5",
    "status": "resolved"
  },
  "7 debug pnpm:progress": {
    "packageId": "registry.npmjs.org/fitbit/0.0.7",
    "requester": "/Users/barbara/.pnpm-store/v3/tmp/_npx/39644/5",
    "status": "found_in_store"
  },
  "8 debug pnpm:_dependency_resolved": {
    "resolution": "registry.npmjs.org/lodash/1.3.1",
    "wanted": {
      "dependentId": "/fitbit/0.0.7",
      "name": "lodash",
      "rawSpec": "~1.3.1"
    }
  },
  "9 debug pnpm:progress": {
    "packageId": "registry.npmjs.org/lodash/1.3.1",
    "requester": "/Users/barbara/.pnpm-store/v3/tmp/_npx/39644/5",
    "status": "resolved"
  },
  "10 debug pnpm:progress": {
    "packageId": "registry.npmjs.org/lodash/1.3.1",
    "requester": "/Users/barbara/.pnpm-store/v3/tmp/_npx/39644/5",
    "status": "found_in_store"
  },
  "11 error pnpm": {
    "shortMessage": "Command failed with exit code 128: /usr/local/bin/git ls-remote git+ssh://git@github.com/p-m-p/node-oauth.git HEAD",
    "command": "/usr/local/bin/git ls-remote git+ssh://git@github.com/p-m-p/node-oauth.git HEAD",
    "escapedCommand": "\"/usr/local/bin/git\" ls-remote \"git+ssh://git@github.com/p-m-p/node-oauth.git\" HEAD",
    "exitCode": 128,
    "stdout": "",
    "stderr": "git@github.com: Permission denied (publickey).\r\nfatal: Konnte nicht vom Remote-Repository lesen.\n\nBitte stellen Sie sicher, dass die korrekten Zugriffsberechtigungen bestehen\nund das Repository existiert.",
    "failed": true,
    "timedOut": false,
    "isCanceled": false,
    "killed": false,
    "pkgsStack": [
      {
        "id": "registry.npmjs.org/fitbit/0.0.7",
        "name": "fitbit",
        "version": "0.0.7"
      }
    ],
    "err": {
      "name": "pnpm",
      "message": "Command failed with exit code 128: /usr/local/bin/git ls-remote git+ssh://git@github.com/p-m-p/node-oauth.git HEAD\ngit@github.com: Permission denied (publickey).\r\nfatal: Konnte nicht vom Remote-Repository lesen.\n\nBitte stellen Sie sicher, dass die korrekten Zugriffsberechtigungen bestehen\nund das Repository existiert.",
      "stack": "pnpm: Command failed with exit code 128: /usr/local/bin/git ls-remote git+ssh://git@github.com/p-m-p/node-oauth.git HEAD\ngit@github.com: Permission denied (publickey).\r\nfatal: Konnte nicht vom Remote-Repository lesen.\n\nBitte stellen Sie sicher, dass die korrekten Zugriffsberechtigungen bestehen\nund das Repository existiert.\n    at makeError (/Users/barbara/pnpm-global/5/node_modules/.pnpm/pnpm@6.28.0/node_modules/pnpm/dist/pnpm.cjs:42412:17)\n    at handlePromise (/Users/barbara/pnpm-global/5/node_modules/.pnpm/pnpm@6.28.0/node_modules/pnpm/dist/pnpm.cjs:42983:33)\n    at processTicksAndRejections (internal/process/task_queues.js:95:5)\n    at async getRepoRefs (/Users/barbara/pnpm-global/5/node_modules/.pnpm/pnpm@6.28.0/node_modules/pnpm/dist/pnpm.cjs:84795:23)\n    at async resolveRef (/Users/barbara/pnpm-global/5/node_modules/.pnpm/pnpm@6.28.0/node_modules/pnpm/dist/pnpm.cjs:84807:20)\n    at async resolveGit (/Users/barbara/pnpm-global/5/node_modules/.pnpm/pnpm@6.28.0/node_modules/pnpm/dist/pnpm.cjs:84758:24)\n    at async Object.resolve (/Users/barbara/pnpm-global/5/node_modules/.pnpm/pnpm@6.28.0/node_modules/pnpm/dist/pnpm.cjs:85875:241)\n    at async run (/Users/barbara/pnpm-global/5/node_modules/.pnpm/pnpm@6.28.0/node_modules/pnpm/dist/pnpm.cjs:71522:23)"
    }
  }
}